[CLIENT] [2022-08-25 20:31:45]: Enter the nickname (max 10 symbols): 
[ERROR] [CLIENT] [2022-08-25 20:31:47]: Creation of socket is failed!
[CLIENT] [2022-08-25 20:36:10]: Enter the nickname (max 10 symbols): 
[ERROR] [CLIENT] [2022-08-25 20:36:12]: Creation of socket is failed! Host: localhost, Port: 9999
[SERVER] [2022-08-25 20:36:20]: Server Started
[SERVER] [2022-08-25 20:36:24]: Server Started
[CLIENT] [2022-08-25 20:36:30]: Enter the nickname (max 10 symbols): 
[CLIENT] [2022-08-25 20:36:34]: Client Started
[CLIENT] [2022-08-25 20:36:34]: Enter text for sending or '/exit' for finishing.
[SERVER] [2022-08-25 20:36:34]: New socket: Socket[addr=/127.0.0.1,port=63015,localport=9999]
[CLIENT] [2022-08-25 20:36:34]: [CHAT] +1 user. Total users: 1
[SERVER] [2022-08-25 20:36:34]: [CHAT] +1 user. Total users: 1
[CLIENT] [2022-08-25 20:36:47]: Enter the nickname (max 10 symbols): 
[CLIENT] [2022-08-25 20:36:55]: Enter the nickname (max 10 symbols): 
[SERVER] [2022-08-25 20:37:16]: Server Started
[CLIENT] [2022-08-25 20:37:20]: Enter the nickname (max 10 symbols): 
[CLIENT] [2022-08-25 20:37:24]: Client Started
[CLIENT] [2022-08-25 20:37:24]: Enter text for sending or '/exit' for finishing.
[SERVER] [2022-08-25 20:37:24]: New socket: Socket[addr=/127.0.0.1,port=63038,localport=9999]
[CLIENT] [2022-08-25 20:37:24]: [CHAT] +1 user. Total users: 1
[SERVER] [2022-08-25 20:37:24]: [CHAT] +1 user. Total users: 1
[CLIENT] [2022-08-25 20:37:28]: Enter the nickname (max 10 symbols): 
[SERVER] [2022-08-25 20:37:33]: New socket: Socket[addr=/127.0.0.1,port=63045,localport=9999]
[CLIENT] [2022-08-25 20:37:33]: Client Started
[CLIENT] [2022-08-25 20:37:33]: [CHAT] +1 user. Total users: 2
[SERVER] [2022-08-25 20:37:33]: [CHAT] +1 user. Total users: 2
[CLIENT] [2022-08-25 20:37:33]: Enter text for sending or '/exit' for finishing.
[SERVER] [2022-08-25 20:37:33]: [CHAT] +1 user. Total users: 2
[CLIENT] [2022-08-25 20:37:33]: [CHAT] +1 user. Total users: 2
[CLIENT] [2022-08-25 20:37:49]: Enter the nickname (max 10 symbols): 
[SERVER] [2022-08-25 20:37:52]: New socket: Socket[addr=/127.0.0.1,port=63055,localport=9999]
[CLIENT] [2022-08-25 20:37:52]: Client Started
[SERVER] [2022-08-25 20:37:52]: [CHAT] +1 user. Total users: 3
[CLIENT] [2022-08-25 20:37:52]: [CHAT] +1 user. Total users: 3
[SERVER] [2022-08-25 20:37:52]: [CHAT] +1 user. Total users: 3
[CLIENT] [2022-08-25 20:37:52]: [CHAT] +1 user. Total users: 3
[SERVER] [2022-08-25 20:37:52]: [CHAT] +1 user. Total users: 3
[CLIENT] [2022-08-25 20:37:52]: Enter text for sending or '/exit' for finishing.
[CLIENT] [2022-08-25 20:37:52]: [CHAT] +1 user. Total users: 3
[CLIENT] [2022-08-25 20:37:55]: Sent to the server: nick3 333
[SERVER] [2022-08-25 20:37:55]: nick3 333
[CLIENT] [2022-08-25 20:37:55]: nick3 333
[SERVER] [2022-08-25 20:37:55]: nick3 333
[CLIENT] [2022-08-25 20:37:55]: nick3 333
[SERVER] [2022-08-25 20:37:55]: nick3 333
[CLIENT] [2022-08-25 20:37:55]: nick3 333
[SERVER] [2022-08-25 20:52:34]: Server Started
[SERVER] [2022-08-25 20:53:39]: Server Started
[CLIENT] [2022-08-25 20:53:43]: Enter the nickname (max 10 symbols): 
[CLIENT] [2022-08-25 20:53:46]: Client Started
[SERVER] [2022-08-25 20:53:46]: New socket: Socket[addr=/127.0.0.1,port=63266,localport=9999]
[CLIENT] [2022-08-25 20:53:46]: Enter text for sending or '/exit' for finishing.
[SERVER] [2022-08-25 20:54:45]: Server Started
[CLIENT] [2022-08-25 20:54:49]: Enter the nickname (max 10 symbols): 
[CLIENT] [2022-08-25 20:54:52]: Client Started
[SERVER] [2022-08-25 20:54:52]: New socket: Socket[addr=/127.0.0.1,port=63288,localport=9999]
[CLIENT] [2022-08-25 20:54:52]: Enter text for sending or '/exit' for finishing.
[SERVER] [2022-08-25 20:55:34]: Server Started
[CLIENT] [2022-08-25 20:55:37]: Enter the nickname (max 10 symbols): 
[CLIENT] [2022-08-25 20:55:39]: Client Started
[SERVER] [2022-08-25 20:55:39]: New socket: Socket[addr=/127.0.0.1,port=63302,localport=9999]
[CLIENT] [2022-08-25 20:55:39]: Enter text for sending or '/exit' for finishing.
[SERVER] [2022-08-25 21:10:30]: Server Started
[CLIENT] [2022-08-25 21:10:34]: Enter the nickname (max 10 symbols): 
[SERVER] [2022-08-25 21:10:37]: New socket: Socket[addr=/127.0.0.1,port=63450,localport=9999]
[CLIENT] [2022-08-25 21:10:37]: Client Started
[CLIENT] [2022-08-25 21:10:37]: Enter text for sending or '/exit' for finishing.
[SERVER] [2022-08-25 21:10:37]: [CHAT] User 'aaa2 joined. Total users: 1
[CLIENT] [2022-08-25 21:10:37]: [CHAT] User 'aaa2 joined. Total users: 1
[CLIENT] [2022-08-25 21:10:54]: Enter the nickname (max 10 symbols): 
[SERVER] [2022-08-25 21:10:56]: New socket: Socket[addr=/127.0.0.1,port=63465,localport=9999]
[CLIENT] [2022-08-25 21:10:56]: Client Started
[CLIENT] [2022-08-25 21:10:56]: Enter text for sending or '/exit' for finishing.
[CLIENT] [2022-08-25 21:10:56]: [CHAT] User 'aaa1 joined. Total users: 2
[SERVER] [2022-08-25 21:10:56]: [CHAT] User 'aaa1 joined. Total users: 2
[CLIENT] [2022-08-25 21:10:56]: [CHAT] User 'aaa1 joined. Total users: 2
[SERVER] [2022-08-25 21:10:56]: [CHAT] User 'aaa1 joined. Total users: 2
[SERVER] [2022-08-25 21:11:04]: aaa1 [test1]
[CLIENT] [2022-08-25 21:11:04]: aaa1 [test1]
[SERVER] [2022-08-25 21:11:04]: aaa1 [test1]
[CLIENT] [2022-08-25 21:11:04]: aaa1 [test1]
[SERVER] [2022-08-25 21:12:06]: Server Started
[CLIENT] [2022-08-25 21:12:10]: Enter the nickname (max 10 symbols): 
[CLIENT] [2022-08-25 21:12:15]: Enter the nickname (max 10 symbols): 
[CLIENT] [2022-08-25 21:12:17]: Enter the nickname (max 10 symbols): 
[SERVER] [2022-08-25 21:12:19]: New socket: Socket[addr=/127.0.0.1,port=63499,localport=9999]
[CLIENT] [2022-08-25 21:12:19]: Client Started
[CLIENT] [2022-08-25 21:12:19]: Enter text for sending or '/exit' for finishing.
[CLIENT] [2022-08-25 21:12:19]: [CHAT] User 'a1' joined. Total users: 1
[SERVER] [2022-08-25 21:12:19]: [CHAT] User 'a1' joined. Total users: 1
[SERVER] [2022-08-25 21:12:22]: New socket: Socket[addr=/127.0.0.1,port=63500,localport=9999]
[CLIENT] [2022-08-25 21:12:22]: Client Started
[CLIENT] [2022-08-25 21:12:22]: Enter text for sending or '/exit' for finishing.
[CLIENT] [2022-08-25 21:12:22]: [CHAT] User 'a2' joined. Total users: 2
[SERVER] [2022-08-25 21:12:22]: [CHAT] User 'a2' joined. Total users: 2
[CLIENT] [2022-08-25 21:12:22]: [CHAT] User 'a2' joined. Total users: 2
[SERVER] [2022-08-25 21:12:22]: [CHAT] User 'a2' joined. Total users: 2
[SERVER] [2022-08-25 21:12:25]: New socket: Socket[addr=/127.0.0.1,port=63501,localport=9999]
[CLIENT] [2022-08-25 21:12:25]: Client Started
[CLIENT] [2022-08-25 21:12:25]: Enter text for sending or '/exit' for finishing.
[SERVER] [2022-08-25 21:12:25]: [CHAT] User 'a3' joined. Total users: 3
[CLIENT] [2022-08-25 21:12:25]: [CHAT] User 'a3' joined. Total users: 3
[SERVER] [2022-08-25 21:12:25]: [CHAT] User 'a3' joined. Total users: 3
[CLIENT] [2022-08-25 21:12:25]: [CHAT] User 'a3' joined. Total users: 3
[SERVER] [2022-08-25 21:12:25]: [CHAT] User 'a3' joined. Total users: 3
[CLIENT] [2022-08-25 21:12:25]: [CHAT] User 'a3' joined. Total users: 3
[SERVER] [2022-08-25 21:13:18]: [a1] test1
[CLIENT] [2022-08-25 21:13:18]: [a1] test1
[SERVER] [2022-08-25 21:13:18]: [a1] test1
[SERVER] [2022-08-25 21:13:18]: [a1] test1
[CLIENT] [2022-08-25 21:13:18]: [a1] test1
[CLIENT] [2022-08-25 21:13:18]: [a1] test1
[SERVER] [2022-08-25 21:13:28]: [a2] test2
[CLIENT] [2022-08-25 21:13:28]: [a2] test2
[CLIENT] [2022-08-25 21:13:28]: [a2] test2
[SERVER] [2022-08-25 21:13:28]: [a2] test2
[CLIENT] [2022-08-25 21:13:28]: [a2] test2
[SERVER] [2022-08-25 21:13:28]: [a2] test2
[CLIENT] [2022-08-25 21:13:50]: Finished!
[SERVER] [2022-08-25 21:13:50]: [CHAT] User 'a3' left. Total users: 2
[CLIENT] [2022-08-25 21:13:50]: [CHAT] User 'a3' left. Total users: 2
[CLIENT] [2022-08-25 21:13:50]: [CHAT] User 'a3' left. Total users: 2
[SERVER] [2022-08-25 21:13:50]: [CHAT] User 'a3' left. Total users: 2
[SERVER] [2022-08-25 21:13:50]: closing socket: Socket[addr=/127.0.0.1,port=63501,localport=9999]
[SERVER] [2022-08-25 21:28:19]: Server Started
[SERVER] [2022-08-25 21:31:17]: Server Started
[CLIENT] [2022-08-25 21:31:23]: Enter the nickname (max 10 symbols): 
[CLIENT] [2022-08-25 21:31:26]: Client Started
[SERVER] [2022-08-25 21:31:26]: New socket: Socket[addr=/127.0.0.1,port=63722,localport=9999]
[CLIENT] [2022-08-25 21:31:26]: Enter text for sending or '/exit' for finishing.
[SERVER] [2022-08-25 21:31:26]: [CHAT] User 'a1' joined. Total users: 1. List: [a1]
[CLIENT] [2022-08-25 21:31:26]: [CHAT] User 'a1' joined. Total users: 1. List: [a1]
[CLIENT] [2022-08-25 21:31:50]: Enter the nickname (max 10 symbols): 
[SERVER] [2022-08-25 21:31:51]: New socket: Socket[addr=/127.0.0.1,port=63736,localport=9999]
[CLIENT] [2022-08-25 21:31:51]: Client Started
[CLIENT] [2022-08-25 21:31:52]: Enter text for sending or '/exit' for finishing.
[SERVER] [2022-08-25 21:31:52]: [CHAT] User 'a2' joined. Total users: 2. List: [a1, a2]
[CLIENT] [2022-08-25 21:31:52]: [CHAT] User 'a2' joined. Total users: 2. List: [a1, a2]
[CLIENT] [2022-08-25 21:31:52]: [CHAT] User 'a2' joined. Total users: 2. List: [a1, a2]
[CLIENT] [2022-08-25 21:31:56]: Enter the nickname (max 10 symbols): 
[CLIENT] [2022-08-25 21:31:57]: Client Started
[SERVER] [2022-08-25 21:31:57]: New socket: Socket[addr=/127.0.0.1,port=63742,localport=9999]
[CLIENT] [2022-08-25 21:31:57]: Enter text for sending or '/exit' for finishing.
[SERVER] [2022-08-25 21:31:57]: [CHAT] User 'a3' joined. Total users: 3. List: [a1, a2, a3]
[CLIENT] [2022-08-25 21:31:57]: [CHAT] User 'a3' joined. Total users: 3. List: [a1, a2, a3]
[CLIENT] [2022-08-25 21:31:57]: [CHAT] User 'a3' joined. Total users: 3. List: [a1, a2, a3]
[CLIENT] [2022-08-25 21:31:57]: [CHAT] User 'a3' joined. Total users: 3. List: [a1, a2, a3]
[SERVER] [2022-08-25 21:32:22]: [a1] aaa
[CLIENT] [2022-08-25 21:32:22]: [a1] aaa
[CLIENT] [2022-08-25 21:32:22]: [a1] aaa
[CLIENT] [2022-08-25 21:32:22]: [a1] aaa
[SERVER] [2022-08-25 21:32:27]: [a1] bbb
[CLIENT] [2022-08-25 21:32:27]: [a1] bbb
[CLIENT] [2022-08-25 21:32:27]: [a1] bbb
[CLIENT] [2022-08-25 21:32:27]: [a1] bbb
[SERVER] [2022-08-25 21:32:38]: [a2] ccc
[CLIENT] [2022-08-25 21:32:38]: [a2] ccc
[CLIENT] [2022-08-25 21:32:38]: [a2] ccc
[CLIENT] [2022-08-25 21:32:38]: [a2] ccc
[CLIENT] [2022-08-25 21:38:18]: Enter the nickname (max 10 symbols): 
[CLIENT] [2022-08-25 21:38:20]: Client Started
[SERVER] [2022-08-25 21:38:20]: New socket: Socket[addr=/127.0.0.1,port=63786,localport=9999]
[CLIENT] [2022-08-25 21:38:20]: Enter text for sending or '/exit' for finishing.
[SERVER] [2022-08-25 21:38:20]: [CHAT] User '4' joined. Total users: 4. List: [4, a1, a2, a3]
[CLIENT] [2022-08-25 21:38:20]: [CHAT] User '4' joined. Total users: 4. List: [4, a1, a2, a3]
[CLIENT] [2022-08-25 21:38:20]: [CHAT] User '4' joined. Total users: 4. List: [4, a1, a2, a3]
[CLIENT] [2022-08-25 21:38:20]: [CHAT] User '4' joined. Total users: 4. List: [4, a1, a2, a3]
[CLIENT] [2022-08-25 21:38:20]: [CHAT] User '4' joined. Total users: 4. List: [4, a1, a2, a3]
[SERVER] [2022-08-25 21:38:27]: [CHAT] User '4' left. Total users: 3. List: [a1, a2, a3]
[CLIENT] [2022-08-25 21:38:27]: [CHAT] User '4' left. Total users: 3. List: [a1, a2, a3]
[SERVER] [2022-08-25 21:38:27]: closing socket: Socket[addr=/127.0.0.1,port=63786,localport=9999]
[CLIENT] [2022-08-25 21:38:27]: [CHAT] User '4' left. Total users: 3. List: [a1, a2, a3]
[CLIENT] [2022-08-25 21:38:27]: [CHAT] User '4' left. Total users: 3. List: [a1, a2, a3]
[CLIENT] [2022-08-25 21:38:31]: [CHAT] Disconnected.
[SERVER] [2022-08-25 21:49:26]: Server Started
[CLIENT] [2022-08-25 21:49:30]: Enter the nickname (max 10 symbols): 
[CLIENT] [2022-08-25 21:49:32]: Client Started
[CLIENT] [2022-08-25 21:49:32]: Enter text for sending or '/exit' for finishing.
[SERVER] [2022-08-25 21:49:32]: New socket: Socket[addr=/127.0.0.1,port=63904,localport=9999]
[SERVER] [2022-08-25 21:49:32]: [CHAT] User 'a1' joined. Total users: 1. Nicknames: [a1]
[CLIENT] [2022-08-25 21:49:32]: [CHAT] User 'a1' joined. Total users: 1. Nicknames: [a1]
[SERVER] [2022-08-25 21:49:34]: [a1] aa
[CLIENT] [2022-08-25 21:49:34]: [a1] aa
[SERVER] [2022-08-25 21:49:35]: [a1] aa
[CLIENT] [2022-08-25 21:49:35]: [a1] aa
[CLIENT] [2022-08-25 21:49:38]: [CHAT] Disconnected.
[SERVER] [2022-08-25 21:49:38]: [CHAT] User 'a1' left. Total users: 0. Nicknames: []
[SERVER] [2022-08-25 21:49:38]: closing socket: Socket[addr=/127.0.0.1,port=63904,localport=9999]
[SERVER] [2022-08-25 21:51:20]: Server Started
[CLIENT] [2022-08-25 21:51:24]: Enter the nickname (max 10 symbols): 
[SERVER] [2022-08-25 21:51:26]: New socket: Socket[addr=/127.0.0.1,port=63942,localport=9999]
[CLIENT] [2022-08-25 21:51:26]: Client Started. Socket connection: Socket[addr=localhost/127.0.0.1,port=9999,localport=63942]
[CLIENT] [2022-08-25 21:51:26]: Enter text for sending or '/exit' for finishing.
[SERVER] [2022-08-25 21:51:26]: [CHAT] User 'a' joined. Total users: 1. Nicknames: [a]
[CLIENT] [2022-08-25 21:51:26]: [CHAT] User 'a' joined. Total users: 1. Nicknames: [a]
[SERVER] [2022-08-25 22:08:32]: Server Started
[CLIENT] [2022-08-25 22:08:36]: Enter the nickname (max 10 symbols): 
[SERVER] [2022-08-25 22:08:38]: New socket: Socket[addr=/127.0.0.1,port=64263,localport=9999]
[CLIENT] [2022-08-25 22:08:38]: Client Started. Socket connection: Socket[addr=localhost/127.0.0.1,port=9999,localport=64263]
[CLIENT] [2022-08-25 22:08:38]: Enter text for sending or '/exit' for finishing.
[SERVER] [2022-08-25 22:08:38]: [CHAT] User 'sss' joined. Total users: 1. Nicknames: [sss]
[CLIENT] [2022-08-25 22:08:38]: [CHAT] User 'sss' joined. Total users: 1. Nicknames: [sss]
